<?xml version="1.0" encoding="UTF-8"?>
<!-- Generated by org.testng.reporters.JUnitXMLReporter -->
<testsuite ignored="0" hostname="ip-172-31-21-20" failures="0" tests="7" name="FirstTest" time="18.378" errors="0" timestamp="2023-09-06T07:15:37 UTC">
  <testcase classname="Test.UserPageTest" name="validateSignUp" time="4.57"/>
  <testcase classname="Test.UserPageTest" name="loginPage" time="2.293"/>
  <testcase classname="Test.UserPageTest" name="editProfilePage" time="2.371"/>
  <testcase classname="Test.UserPageTest" name="userHomePageValid" time="2.48"/>
  <testcase classname="Test.UserPageTest" name="bookingFlight" time="2.2"/>
  <testcase classname="Test.UserPageTest" name="confirmFlight" time="1.183"/>
  <testcase classname="Test.UserPageTest" name="logoutPage" time="1.231"/>
</testsuite> <!-- FirstTest -->
