<?xml version="1.0" encoding="UTF-8"?>
<!-- Generated by org.testng.reporters.JUnitXMLReporter -->
<testsuite ignored="0" hostname="ip-172-31-21-20" failures="0" tests="8" name="Second Test" time="25.176" errors="0" timestamp="2023-09-06T07:16:03 UTC">
  <testcase classname="Test.AdminPageTest" name="testPassword" time="0.004"/>
  <testcase classname="Test.AdminPageTest" name="adminLogin" time="2.227"/>
  <testcase classname="Test.AdminPageTest" name="homePageAdmin" time="1.106"/>
  <testcase classname="Test.AdminPageTest" name="setPlaces" time="1.33"/>
  <testcase classname="Test.AdminPageTest" name="addFlightName" time="4.532"/>
  <testcase classname="Test.AdminPageTest" name="setUpFlights" time="7.677"/>
  <testcase classname="Test.AdminPageTest" name="bookingValidation" time="4.209"/>
  <testcase classname="Test.AdminPageTest" name="admincredential" time="3.204"/>
</testsuite> <!-- Second Test -->
