<?xml version="1.0" encoding="UTF-8"?>
<!-- Generated by org.testng.reporters.JUnitXMLReporter -->
<testsuite ignored="0" hostname="ip-172-31-21-20" failures="0" tests="8" name="Test" time="25.167" errors="0" timestamp="2023-09-06T05:54:00 UTC">
  <testcase classname="Test.AdminPageTest" name="testPassword" time="0.009"/>
  <testcase classname="Test.AdminPageTest" name="adminLogin" time="2.225"/>
  <testcase classname="Test.AdminPageTest" name="homePageAdmin" time="1.108"/>
  <testcase classname="Test.AdminPageTest" name="setPlaces" time="1.341"/>
  <testcase classname="Test.AdminPageTest" name="addFlightName" time="3.501"/>
  <testcase classname="Test.AdminPageTest" name="setUpFlights" time="7.684"/>
  <testcase classname="Test.AdminPageTest" name="bookingValidation" time="4.246"/>
  <testcase classname="Test.AdminPageTest" name="admincredential" time="3.146"/>
</testsuite> <!-- Test -->
