<?xml version="1.0" encoding="UTF-8"?>
<testng-results ignored="0" total="17" passed="17" failed="0" skipped="0">
  <reporter-output>
  </reporter-output>
  <suite started-at="2023-09-06T07:15:19 UTC" name="Suite" finished-at="2023-09-06T07:16:04 UTC" duration-ms="45038">
    <groups>
    </groups>
    <test started-at="2023-09-06T07:15:19 UTC" name="FirstTest" finished-at="2023-09-06T07:15:37 UTC" duration-ms="18378">
      <class name="Test.UserPageTest">
        <test-method is-config="true" signature="lunchBrowser()[pri:0, instance:Test.UserPageTest@2e8c1c9b]" started-at="2023-09-06T07:15:19 UTC" name="lunchBrowser" finished-at="2023-09-06T07:15:21 UTC" duration-ms="2005" status="PASS">
          <reporter-output>
          </reporter-output>
        </test-method> <!-- lunchBrowser -->
        <test-method signature="validateSignUp()[pri:0, instance:Test.UserPageTest@2e8c1c9b]" started-at="2023-09-06T07:15:21 UTC" name="validateSignUp" finished-at="2023-09-06T07:15:26 UTC" duration-ms="4570" status="PASS">
          <reporter-output>
          </reporter-output>
        </test-method> <!-- validateSignUp -->
        <test-method signature="loginPage()[pri:1, instance:Test.UserPageTest@2e8c1c9b]" started-at="2023-09-06T07:15:26 UTC" name="loginPage" finished-at="2023-09-06T07:15:28 UTC" duration-ms="2293" status="PASS">
          <reporter-output>
          </reporter-output>
        </test-method> <!-- loginPage -->
        <test-method signature="editProfilePage()[pri:2, instance:Test.UserPageTest@2e8c1c9b]" started-at="2023-09-06T07:15:28 UTC" name="editProfilePage" finished-at="2023-09-06T07:15:30 UTC" duration-ms="2371" status="PASS">
          <reporter-output>
          </reporter-output>
        </test-method> <!-- editProfilePage -->
        <test-method signature="userHomePageValid()[pri:3, instance:Test.UserPageTest@2e8c1c9b]" started-at="2023-09-06T07:15:30 UTC" name="userHomePageValid" finished-at="2023-09-06T07:15:33 UTC" duration-ms="2480" status="PASS">
          <reporter-output>
          </reporter-output>
        </test-method> <!-- userHomePageValid -->
        <test-method signature="bookingFlight()[pri:4, instance:Test.UserPageTest@2e8c1c9b]" started-at="2023-09-06T07:15:33 UTC" name="bookingFlight" finished-at="2023-09-06T07:15:35 UTC" duration-ms="2200" status="PASS">
          <reporter-output>
          </reporter-output>
        </test-method> <!-- bookingFlight -->
        <test-method signature="confirmFlight()[pri:5, instance:Test.UserPageTest@2e8c1c9b]" started-at="2023-09-06T07:15:35 UTC" name="confirmFlight" finished-at="2023-09-06T07:15:36 UTC" duration-ms="1183" status="PASS">
          <reporter-output>
          </reporter-output>
        </test-method> <!-- confirmFlight -->
        <test-method signature="logoutPage()[pri:6, instance:Test.UserPageTest@2e8c1c9b]" started-at="2023-09-06T07:15:36 UTC" name="logoutPage" finished-at="2023-09-06T07:15:37 UTC" duration-ms="1231" status="PASS">
          <reporter-output>
          </reporter-output>
        </test-method> <!-- logoutPage -->
      </class> <!-- Test.UserPageTest -->
    </test> <!-- FirstTest -->
    <test started-at="2023-09-06T07:15:37 UTC" name="Second Test" finished-at="2023-09-06T07:16:03 UTC" duration-ms="25176">
      <class name="Test.AdminPageTest">
        <test-method is-config="true" signature="lunchBrowser()[pri:0, instance:Test.AdminPageTest@1a75e76a]" started-at="2023-09-06T07:15:37 UTC" name="lunchBrowser" finished-at="2023-09-06T07:15:38 UTC" duration-ms="873" status="PASS">
          <reporter-output>
          </reporter-output>
        </test-method> <!-- lunchBrowser -->
        <test-method signature="testPassword()[pri:0, instance:Test.AdminPageTest@1a75e76a]" started-at="2023-09-06T07:15:38 UTC" name="testPassword" finished-at="2023-09-06T07:15:38 UTC" duration-ms="4" status="PASS">
          <reporter-output>
          </reporter-output>
        </test-method> <!-- testPassword -->
        <test-method signature="adminLogin()[pri:1, instance:Test.AdminPageTest@1a75e76a]" started-at="2023-09-06T07:15:38 UTC" name="adminLogin" finished-at="2023-09-06T07:15:41 UTC" duration-ms="2227" status="PASS">
          <reporter-output>
          </reporter-output>
        </test-method> <!-- adminLogin -->
        <test-method signature="homePageAdmin()[pri:2, instance:Test.AdminPageTest@1a75e76a]" started-at="2023-09-06T07:15:41 UTC" name="homePageAdmin" finished-at="2023-09-06T07:15:42 UTC" duration-ms="1106" status="PASS">
          <reporter-output>
          </reporter-output>
        </test-method> <!-- homePageAdmin -->
        <test-method signature="setPlaces()[pri:3, instance:Test.AdminPageTest@1a75e76a]" started-at="2023-09-06T07:15:42 UTC" name="setPlaces" finished-at="2023-09-06T07:15:43 UTC" duration-ms="1330" status="PASS">
          <reporter-output>
          </reporter-output>
        </test-method> <!-- setPlaces -->
        <test-method signature="addFlightName()[pri:4, instance:Test.AdminPageTest@1a75e76a]" started-at="2023-09-06T07:15:43 UTC" name="addFlightName" finished-at="2023-09-06T07:15:47 UTC" duration-ms="4532" status="PASS">
          <reporter-output>
          </reporter-output>
        </test-method> <!-- addFlightName -->
        <test-method signature="setUpFlights()[pri:5, instance:Test.AdminPageTest@1a75e76a]" started-at="2023-09-06T07:15:47 UTC" name="setUpFlights" finished-at="2023-09-06T07:15:55 UTC" duration-ms="7677" status="PASS">
          <reporter-output>
          </reporter-output>
        </test-method> <!-- setUpFlights -->
        <test-method signature="bookingValidation()[pri:6, instance:Test.AdminPageTest@1a75e76a]" started-at="2023-09-06T07:15:55 UTC" name="bookingValidation" finished-at="2023-09-06T07:15:59 UTC" duration-ms="4209" status="PASS">
          <reporter-output>
          </reporter-output>
        </test-method> <!-- bookingValidation -->
        <test-method signature="admincredential()[pri:7, instance:Test.AdminPageTest@1a75e76a]" started-at="2023-09-06T07:15:59 UTC" name="admincredential" finished-at="2023-09-06T07:16:03 UTC" duration-ms="3204" status="PASS">
          <reporter-output>
          </reporter-output>
        </test-method> <!-- admincredential -->
      </class> <!-- Test.AdminPageTest -->
    </test> <!-- Second Test -->
    <test started-at="2023-09-06T07:16:03 UTC" name="Third Test" finished-at="2023-09-06T07:16:04 UTC" duration-ms="1454">
      <class name="Test.ApiTesting">
        <test-method signature="getAllFlights()[pri:0, instance:Test.ApiTesting@57a78e3]" started-at="2023-09-06T07:16:03 UTC" name="getAllFlights" finished-at="2023-09-06T07:16:04 UTC" duration-ms="1408" status="PASS">
          <reporter-output>
          </reporter-output>
        </test-method> <!-- getAllFlights -->
        <test-method signature="getBookSeat()[pri:0, instance:Test.ApiTesting@57a78e3]" started-at="2023-09-06T07:16:04 UTC" name="getBookSeat" finished-at="2023-09-06T07:16:04 UTC" duration-ms="42" status="PASS">
          <reporter-output>
          </reporter-output>
        </test-method> <!-- getBookSeat -->
      </class> <!-- Test.ApiTesting -->
    </test> <!-- Third Test -->
  </suite> <!-- Suite -->
</testng-results>
